2020-05-13 14:07:27,158 [main] INFO  [c.u.j.c.EnableEncryptablePropertiesBeanFactoryPostProcessor] EnableEncryptablePropertiesBeanFactoryPostProcessor.java:50 - Post-processing PropertySource instances
2020-05-13 14:07:27,200 [main] INFO  [c.u.j.EncryptablePropertySourceConverter] EncryptablePropertySourceConverter.java:38 - Converting PropertySource configurationProperties [org.springframework.boot.context.properties.source.ConfigurationPropertySourcesPropertySource] to AOP Proxy
2020-05-13 14:07:27,202 [main] INFO  [c.u.j.EncryptablePropertySourceConverter] EncryptablePropertySourceConverter.java:38 - Converting PropertySource bootstrap [org.springframework.core.env.MapPropertySource] to EncryptableMapPropertySourceWrapper
2020-05-13 14:07:27,202 [main] INFO  [c.u.j.EncryptablePropertySourceConverter] EncryptablePropertySourceConverter.java:38 - Converting PropertySource systemProperties [org.springframework.core.env.PropertiesPropertySource] to EncryptableMapPropertySourceWrapper
2020-05-13 14:07:27,202 [main] INFO  [c.u.j.EncryptablePropertySourceConverter] EncryptablePropertySourceConverter.java:38 - Converting PropertySource systemEnvironment [org.springframework.boot.env.SystemEnvironmentPropertySourceEnvironmentPostProcessor$OriginAwareSystemEnvironmentPropertySource] to EncryptableMapPropertySourceWrapper
2020-05-13 14:07:27,202 [main] INFO  [c.u.j.EncryptablePropertySourceConverter] EncryptablePropertySourceConverter.java:38 - Converting PropertySource random [org.springframework.boot.env.RandomValuePropertySource] to EncryptablePropertySourceWrapper
2020-05-13 14:07:27,203 [main] INFO  [c.u.j.EncryptablePropertySourceConverter] EncryptablePropertySourceConverter.java:38 - Converting PropertySource springCloudClientHostInfo [org.springframework.core.env.MapPropertySource] to EncryptableMapPropertySourceWrapper
2020-05-13 14:07:27,203 [main] INFO  [c.u.j.EncryptablePropertySourceConverter] EncryptablePropertySourceConverter.java:38 - Converting PropertySource applicationConfig: [classpath:/bootstrap.yml] [org.springframework.boot.env.OriginTrackedMapPropertySource] to EncryptableMapPropertySourceWrapper
2020-05-13 14:07:27,232 [main] INFO  [c.u.j.filter.DefaultLazyPropertyFilter] DefaultLazyPropertyFilter.java:31 - Property Filter custom Bean not found with name 'encryptablePropertyFilter'. Initializing Default Property Filter
2020-05-13 14:07:27,235 [main] INFO  [c.u.j.resolver.DefaultLazyPropertyResolver] DefaultLazyPropertyResolver.java:31 - Property Resolver custom Bean not found with name 'encryptablePropertyResolver'. Initializing Default Property Resolver
2020-05-13 14:07:27,236 [main] INFO  [c.u.j.detector.DefaultLazyPropertyDetector] DefaultLazyPropertyDetector.java:30 - Property Detector custom Bean not found with name 'encryptablePropertyDetector'. Initializing Default Property Detector
2020-05-13 14:39:49,511 [main] INFO  [c.u.j.c.EnableEncryptablePropertiesBeanFactoryPostProcessor] EnableEncryptablePropertiesBeanFactoryPostProcessor.java:50 - Post-processing PropertySource instances
2020-05-13 14:39:49,564 [main] INFO  [c.u.j.EncryptablePropertySourceConverter] EncryptablePropertySourceConverter.java:38 - Converting PropertySource configurationProperties [org.springframework.boot.context.properties.source.ConfigurationPropertySourcesPropertySource] to AOP Proxy
2020-05-13 14:39:49,565 [main] INFO  [c.u.j.EncryptablePropertySourceConverter] EncryptablePropertySourceConverter.java:38 - Converting PropertySource bootstrap [org.springframework.core.env.MapPropertySource] to EncryptableMapPropertySourceWrapper
2020-05-13 14:39:49,566 [main] INFO  [c.u.j.EncryptablePropertySourceConverter] EncryptablePropertySourceConverter.java:38 - Converting PropertySource systemProperties [org.springframework.core.env.PropertiesPropertySource] to EncryptableMapPropertySourceWrapper
2020-05-13 14:39:49,566 [main] INFO  [c.u.j.EncryptablePropertySourceConverter] EncryptablePropertySourceConverter.java:38 - Converting PropertySource systemEnvironment [org.springframework.boot.env.SystemEnvironmentPropertySourceEnvironmentPostProcessor$OriginAwareSystemEnvironmentPropertySource] to EncryptableMapPropertySourceWrapper
2020-05-13 14:39:49,566 [main] INFO  [c.u.j.EncryptablePropertySourceConverter] EncryptablePropertySourceConverter.java:38 - Converting PropertySource random [org.springframework.boot.env.RandomValuePropertySource] to EncryptablePropertySourceWrapper
2020-05-13 14:39:49,566 [main] INFO  [c.u.j.EncryptablePropertySourceConverter] EncryptablePropertySourceConverter.java:38 - Converting PropertySource springCloudClientHostInfo [org.springframework.core.env.MapPropertySource] to EncryptableMapPropertySourceWrapper
2020-05-13 14:39:49,567 [main] INFO  [c.u.j.EncryptablePropertySourceConverter] EncryptablePropertySourceConverter.java:38 - Converting PropertySource applicationConfig: [classpath:/bootstrap.yml] [org.springframework.boot.env.OriginTrackedMapPropertySource] to EncryptableMapPropertySourceWrapper
2020-05-13 14:39:49,601 [main] INFO  [c.u.j.filter.DefaultLazyPropertyFilter] DefaultLazyPropertyFilter.java:31 - Property Filter custom Bean not found with name 'encryptablePropertyFilter'. Initializing Default Property Filter
2020-05-13 14:39:49,604 [main] INFO  [c.u.j.resolver.DefaultLazyPropertyResolver] DefaultLazyPropertyResolver.java:31 - Property Resolver custom Bean not found with name 'encryptablePropertyResolver'. Initializing Default Property Resolver
2020-05-13 14:39:49,605 [main] INFO  [c.u.j.detector.DefaultLazyPropertyDetector] DefaultLazyPropertyDetector.java:30 - Property Detector custom Bean not found with name 'encryptablePropertyDetector'. Initializing Default Property Detector
